C:\Program Files\Microsoft Visual Studio\2022\Community\MSBuild\Microsoft\VC\v170\Microsoft.CppBuild.targets(517,5): warning MSB8004: Output 디렉터리가 슬래시로 끝나지 않습니다. Output 디렉터리의 적절한 평가를 허용하는 데 필요하므로 이 빌드 인스턴스에서 슬래시를 추가합니다.
  LINK : ..\..\..\Users\ussol\Downloads\[CG]Project I.exe을(를) 찾을 수 없거나 마지막 증분 링크에 의해 빌드되지 않았습니다. 전체 링크를 수행하고 있습니다.
  [CG]Project I.vcxproj -> C:\Users\ussol\Downloads\[CG]Project I.exe
  'pwsh.exe'은(는) 내부 또는 외부 명령, 실행할 수 있는 프로그램, 또는
  배치 파일이 아닙니다.
  Set-Content : 매개 변수 이름 'Encoding'과(와) 일치하는 매개 변수를 찾을 수 없습니다.
  위치 C:\vcpkg\scripts\buildsystems\msbuild\applocal.ps1:12 문자:49
  +     Set-Content -Path $copiedFilesLog -Value "" -Encoding UTF8
  +                                                 ~~~~~~~~~
      + CategoryInfo          : InvalidArgument: (:) [Set-Content], ParameterBindingException
      + FullyQualifiedErrorId : NamedParameterNotFound,Microsoft.PowerShell.Commands.SetContentCommand
   
  Split-Path : 'Path' 매개 변수가 null이므로 인수를 해당 매개 변수에 바인딩할 수 없습니다.
  위치 C:\vcpkg\scripts\buildsystems\msbuild\applocal.ps1:76 문자:39
  +     $baseTargetBinaryDir = Split-Path $baseBinaryPath -parent
  +                                       ~~~~~~~~~~~~~~~
      + CategoryInfo          : InvalidData: (:) [Split-Path], ParameterBindingValidationException
      + FullyQualifiedErrorId : ParameterArgumentValidationErrorNullNotAllowed,Microsoft.PowerShell.Commands.SplitPathCo 
     mmand
   
  Split-Path : 'Path' 매개 변수가 null이므로 인수를 해당 매개 변수에 바인딩할 수 없습니다.
  위치 C:\vcpkg\scripts\buildsystems\msbuild\applocal.ps1:94 문자:35
  +     $targetBinaryDir = Split-Path $targetBinaryPath -parent
  +                                   ~~~~~~~~~~~~~~~~~
      + CategoryInfo          : InvalidData: (:) [Split-Path], ParameterBindingValidationException
      + FullyQualifiedErrorId : ParameterArgumentValidationErrorNullNotAllowed,Microsoft.PowerShell.Commands.SplitPathCo 
     mmand
   
